Arguments: 
  /usr/bin/node /usr/share/yarn/bin/yarn.js add @types/i3

PATH: 
  /home/chris/.cargo/bin:/usr/local/sbin:/usr/local/bin:/usr/sbin:/usr/bin:/sbin:/bin:/usr/games:/usr/local/games:/snap/bin:/home/chris/.yarn/bin:/home/chris/.yarn/bin

Yarn version: 
  1.6.0

Node version: 
  10.15.2

Platform: 
  linux x64

Trace: 
  Error: https://registry.yarnpkg.com/@types%2fi3: Not found
      at Request.params.callback [as _callback] (/usr/share/yarn/lib/cli.js:65327:18)
      at Request.self.callback (/usr/share/yarn/lib/cli.js:133155:22)
      at Request.emit (events.js:189:13)
      at Request.<anonymous> (/usr/share/yarn/lib/cli.js:134138:10)
      at Request.emit (events.js:189:13)
      at IncomingMessage.<anonymous> (/usr/share/yarn/lib/cli.js:134058:12)
      at Object.onceWrapper (events.js:277:13)
      at IncomingMessage.emit (events.js:194:15)
      at endReadableNT (_stream_readable.js:1103:12)
      at process._tickCallback (internal/process/next_tick.js:63:19)

npm manifest: 
  {
    "name": "myi3",
    "version": "1.0.0",
    "description": "",
    "main": "index.js",
    "scripts": {
      "test": "echo \"Error: no test specified\" && exit 1"
    },
    "author": "",
    "license": "ISC",
    "dependencies": {
      "i3": "^0.2.1"
    }
  }

yarn manifest: 
  No manifest

Lockfile: 
  # THIS IS AN AUTOGENERATED FILE. DO NOT EDIT THIS FILE DIRECTLY.
  # yarn lockfile v1
  
  
  fastqueue@~0.1.0:
    version "0.1.0"
    resolved "https://registry.yarnpkg.com/fastqueue/-/fastqueue-0.1.0.tgz#6c691016b3806186476eeb05a717babb8f633c19"
  
  i3@^0.2.1:
    version "0.2.1"
    resolved "https://registry.yarnpkg.com/i3/-/i3-0.2.1.tgz#ac28580bd99fbc277951978730801f9d5e7e5fe4"
    dependencies:
      fastqueue "~0.1.0"
